["Paper1" "Some highlights of research on aging with invertebrates, 2010" ["Partridge L"] "21078113"]
["Paper2" "Key players and their role during mitochondrial iron–sulfur cluster biosynthesis" ["Rawat S" "Stemmler TL"] "21226084"]
["Paper3" "Mitochondriomics or what makes us breathe" ["Reichert AS" "Neupert W"] "15475115"]
["Paper4" "MiGenes: a searchable interspecies database of mitochondrial proteins curated using gene ontology annotation" ["Basu S" "Bremer E" "Zhou C" "Bogenhagen DF"] "16368773"]
["Paper5" "Computational approaches for the prediction of protein function in the mitochondrion" ["Gabaldon T"] "16870830"]
["Paper6" "MitoInteractome: Mitochondrial protein interactome database, and its application in ‘aging network’ analysis" ["Reja R" "Venkatakrishnan AJ" "Lee J" "Kim B" "Ryu J" "Gong S" "Bhak J" "Park D"] "19958484"]
["Paper7" "MITOCHONDRIAL DNA MUTATIONS IN HUMAN DISEASE" ["Taylor RW" "Turnbull DM"] "15861210"]
["Paper8" "Organellar genes why do they end up in the nucleus?" ["Blanchard JL" "Lynch M"] "10858662"]
["Paper9" "Properties of Human Mitochondrial Ribosomes" ["O'Brien TW"] "14658756"]
["Paper10" "NEUROSCIENCE FOR NEUROLOGISTS Mitochondria" ["Chinnery PF" "Schon EA"] "12933917"]
["Paper11" "Harvesting the fruit of the human mtDNA tree" ["Torroni A" "Achilli A" "Macaulay V" "Richards M" "Bandelt H"] "16678300"]
["Paper12" "Somatic mtDNA mutations cause aging phenotypes without affecting reactive oxygen species production" ["Trifunovic A" "Hansson A" "Wrendenberg A" "Rovio AT" "Dufour E" "Khvorostov I" "Spelbrink JN" "Wibom R" "Jacobs HT" "Larsson N"] "16332961"]
["Paper13" "Mitochondrial disorders" ["Zeviani M" "Donato SD"] "15358637"]
["Paper14" "MAM: more than just a housekeeper" ["Hayashi T" "Rizzuto R" "Hajnoczky G" "Su T"] "19144519"]
["Paper15" "Protein transport into mitochondria" ["Herrmann JM" "Neupert W"] "10744987"]
["Paper16" "The mitochondrial genome, a growing interest inside an organelle" ["Crimi M" "Rigolio R"] "18488415"]
["Paper17" "Mitochondrial Dysfunction in Cardiac Disease: Ischemia–Reperfusion, Aging, and Heart Failure" ["Lesnefsky EJ" "Moghaddas S" "Tandler B" "Kerner J" "Hoppel CL"] "11444914"]
["Paper18" "Structure and dynamics of the mitochondrial inner membrane cristae" ["Mannella CA"] "16730811"]
["Paper19" "'Omics' of the mitochondrion" ["Westermann B" "Neupert W"] "12610566"]
["Paper20" "Mitochondria–endoplasmic reticulum choreography: structure and signaling dynamics" ["Pizzo P" "Pozzan T"] "17851078"]
["Paper21" "Mitochondrial disease" ["Schapira AHV"] "16815381"]
["Paper22" "Mitochondrial and endoplasmic reticulum stress pathways cooperate in zearalenone-induced apoptosis of human leukemic cells" ["Banjerdpongchai R" "Kongtawelert P" "Khantamat O" "Srisomsap C" "Chokchaichamnankit D" "Subhasitanont P" "Svasti J"] "21190589"]
["Paper23" "Mitochondrial proteomics in free radical research" ["Bailey SM" "Landar A" "Darley-Usmar V"] "15607901"]
["Paper24" "Mitochondrial building blocks" ["Jensen RE" "Dunn CD" "Youngman MJ" "Sesaki H"] "15130575"]
["Paper25" "Environment, Mitochondria, and Parkinson’s Disease" ["Sherer TB" "Betarbet R" "Greenamyre JT"] "12061498"]
["Paper26" "Making heads or tails of phospholipids in mitochondria" ["Osman C" "Voelker DR" "Langer T"] "21220505"]
["Paper27" "Regulation of the mitochondrial transition pore: impact on mammalian aging" ["Osievacz HD"] "21248375"]
["Paper28" "Signaling Pathways in Mitochondrial Dysfunction and Aging" ["Mammucari C" "Rizzuto R"] "20655326"]
["Paper29" "Culling sick mitochondria from the herd" ["Pallanck LJ"] "21187326"]
["Paper30" "Endosymbiont or host: who drove mitochondrial and plastid evolution?" ["Gross J" "Bhattachatya D"] "21333023"]